Copyright 1986-2019 Xilinx, Inc. All Rights Reserved.
--------------------------------------------------------------------------------------------------------------------------------------------------------------------------------
| Tool Version : Vivado v.2019.1 (win64) Build 2552052 Fri May 24 14:49:42 MDT 2019
| Date         : Fri Dec 16 10:24:18 2022
| Host         : vt-06-434008341 running 64-bit major release  (build 9200)
| Command      : report_timing_summary -max_paths 10 -file top_timing_summary_routed.rpt -pb top_timing_summary_routed.pb -rpx top_timing_summary_routed.rpx -warn_on_violation
| Design       : top
| Device       : 7a100t-csg324
| Speed File   : -1  PRODUCTION 1.23 2018-06-13
--------------------------------------------------------------------------------------------------------------------------------------------------------------------------------

Timing Summary Report

------------------------------------------------------------------------------------------------
| Timer Settings
| --------------
------------------------------------------------------------------------------------------------

  Enable Multi Corner Analysis               :  Yes
  Enable Pessimism Removal                   :  Yes
  Pessimism Removal Resolution               :  Nearest Common Node
  Enable Input Delay Default Clock           :  No
  Enable Preset / Clear Arcs                 :  No
  Disable Flight Delays                      :  No
  Ignore I/O Paths                           :  No
  Timing Early Launch at Borrowing Latches   :  No
  Borrow Time for Max Delay Exceptions       :  Yes

  Corner  Analyze    Analyze    
  Name    Max Paths  Min Paths  
  ------  ---------  ---------  
  Slow    Yes        Yes        
  Fast    Yes        Yes        



check_timing report

Table of Contents
-----------------
1. checking no_clock
2. checking constant_clock
3. checking pulse_width_clock
4. checking unconstrained_internal_endpoints
5. checking no_input_delay
6. checking no_output_delay
7. checking multiple_clock
8. checking generated_clocks
9. checking loops
10. checking partial_input_delay
11. checking partial_output_delay
12. checking latch_loops

1. checking no_clock
--------------------
 There are 23 register/latch pins with no clock driven by root clock pin: PS2_CLK (HIGH)

 There are 260 register/latch pins with no clock driven by root clock pin: div/cnt_reg[15]/Q (HIGH)

 There are 47 register/latch pins with no clock driven by root clock pin: vga/clkNew_reg/Q (HIGH)


2. checking constant_clock
--------------------------
 There are 0 register/latch pins with constant_clock.


3. checking pulse_width_clock
-----------------------------
 There are 0 register/latch pins which need pulse_width check


4. checking unconstrained_internal_endpoints
--------------------------------------------
 There are 744 pins that are not constrained for maximum delay. (HIGH)

 There are 0 pins that are not constrained for maximum delay due to constant clock.


5. checking no_input_delay
--------------------------
 There is 1 input port with no input delay specified. (HIGH)

 There are 0 input ports with no input delay but user has a false path constraint.


6. checking no_output_delay
---------------------------
 There are 4 ports with no output delay specified. (HIGH)

 There are 0 ports with no output delay but user has a false path constraint

 There are 0 ports with no output delay but with a timing clock defined on it or propagating through it


7. checking multiple_clock
--------------------------
 There are 0 register/latch pins with multiple clocks.


8. checking generated_clocks
----------------------------
 There are 0 generated clocks that are not connected to a clock source.


9. checking loops
-----------------
 There are 0 combinational loops in the design.


10. checking partial_input_delay
--------------------------------
 There are 0 input ports with partial input delay specified.


11. checking partial_output_delay
---------------------------------
 There are 0 ports with partial output delay specified.


12. checking latch_loops
------------------------
 There are 0 combinational latch loops in the design through latch input



------------------------------------------------------------------------------------------------
| Design Timing Summary
| ---------------------
------------------------------------------------------------------------------------------------

    WNS(ns)      TNS(ns)  TNS Failing Endpoints  TNS Total Endpoints      WHS(ns)      THS(ns)  THS Failing Endpoints  THS Total Endpoints     WPWS(ns)     TPWS(ns)  TPWS Failing Endpoints  TPWS Total Endpoints  
    -------      -------  ---------------------  -------------------      -------      -------  ---------------------  -------------------     --------     --------  ----------------------  --------------------  
      6.609        0.000                      0                   17        0.263        0.000                      0                   17        4.500        0.000                       0                    19  


All user specified timing constraints are met.


------------------------------------------------------------------------------------------------
| Clock Summary
| -------------
------------------------------------------------------------------------------------------------

Clock        Waveform(ns)       Period(ns)      Frequency(MHz)
-----        ------------       ----------      --------------
sys_clk_pin  {0.000 5.000}      10.000          100.000         


------------------------------------------------------------------------------------------------
| Intra Clock Table
| -----------------
------------------------------------------------------------------------------------------------

Clock             WNS(ns)      TNS(ns)  TNS Failing Endpoints  TNS Total Endpoints      WHS(ns)      THS(ns)  THS Failing Endpoints  THS Total Endpoints     WPWS(ns)     TPWS(ns)  TPWS Failing Endpoints  TPWS Total Endpoints  
-----             -------      -------  ---------------------  -------------------      -------      -------  ---------------------  -------------------     --------     --------  ----------------------  --------------------  
sys_clk_pin         6.609        0.000                      0                   17        0.263        0.000                      0                   17        4.500        0.000                       0                    19  


------------------------------------------------------------------------------------------------
| Inter Clock Table
| -----------------
------------------------------------------------------------------------------------------------

From Clock    To Clock          WNS(ns)      TNS(ns)  TNS Failing Endpoints  TNS Total Endpoints      WHS(ns)      THS(ns)  THS Failing Endpoints  THS Total Endpoints  
----------    --------          -------      -------  ---------------------  -------------------      -------      -------  ---------------------  -------------------  


------------------------------------------------------------------------------------------------
| Other Path Groups Table
| -----------------------
------------------------------------------------------------------------------------------------

Path Group    From Clock    To Clock          WNS(ns)      TNS(ns)  TNS Failing Endpoints  TNS Total Endpoints      WHS(ns)      THS(ns)  THS Failing Endpoints  THS Total Endpoints  
----------    ----------    --------          -------      -------  ---------------------  -------------------      -------      -------  ---------------------  -------------------  


------------------------------------------------------------------------------------------------
| Timing Details
| --------------
------------------------------------------------------------------------------------------------


---------------------------------------------------------------------------------------------------
From Clock:  sys_clk_pin
  To Clock:  sys_clk_pin

Setup :            0  Failing Endpoints,  Worst Slack        6.609ns,  Total Violation        0.000ns
Hold  :            0  Failing Endpoints,  Worst Slack        0.263ns,  Total Violation        0.000ns
PW    :            0  Failing Endpoints,  Worst Slack        4.500ns,  Total Violation        0.000ns
---------------------------------------------------------------------------------------------------


Max Delay Paths
--------------------------------------------------------------------------------------
Slack (MET) :             6.609ns  (required time - arrival time)
  Source:                 div/cnt_reg[15]/C
                            (rising edge-triggered cell FDRE clocked by sys_clk_pin  {rise@0.000ns fall@5.000ns period=10.000ns})
  Destination:            div/cnt_reg[15]/D
                            (rising edge-triggered cell FDRE clocked by sys_clk_pin  {rise@0.000ns fall@5.000ns period=10.000ns})
  Path Group:             sys_clk_pin
  Path Type:              Setup (Max at Slow Process Corner)
  Requirement:            10.000ns  (sys_clk_pin rise@10.000ns - sys_clk_pin rise@0.000ns)
  Data Path Delay:        3.418ns  (logic 0.924ns (27.035%)  route 2.494ns (72.965%))
  Logic Levels:           2  (BUFG=1 CARRY4=1)
  Clock Path Skew:        0.000ns (DCD - SCD + CPR)
    Destination Clock Delay (DCD):    4.928ns = ( 14.928 - 10.000 ) 
    Source Clock Delay      (SCD):    5.229ns
    Clock Pessimism Removal (CPR):    0.301ns
  Clock Uncertainty:      0.035ns  ((TSJ^2 + TIJ^2)^1/2 + DJ) / 2 + PE
    Total System Jitter     (TSJ):    0.071ns
    Total Input Jitter      (TIJ):    0.000ns
    Discrete Jitter          (DJ):    0.000ns
    Phase Error              (PE):    0.000ns

    Location             Delay type                Incr(ns)  Path(ns)    Netlist Resource(s)
  -------------------------------------------------------------------    -------------------
                         (clock sys_clk_pin rise edge)
                                                      0.000     0.000 r  
    E3                                                0.000     0.000 r  clk_old (IN)
                         net (fo=0)                   0.000     0.000    clk_old
    E3                   IBUF (Prop_ibuf_I_O)         1.482     1.482 r  clk_old_IBUF_inst/O
                         net (fo=1, routed)           2.025     3.506    clk_old_IBUF
    BUFGCTRL_X0Y17       BUFG (Prop_bufg_I_O)         0.096     3.602 r  clk_old_IBUF_BUFG_inst/O
                         net (fo=18, routed)          1.626     5.229    div/clk_old
    SLICE_X52Y97         FDRE                                         r  div/cnt_reg[15]/C
  -------------------------------------------------------------------    -------------------
    SLICE_X52Y97         FDRE (Prop_fdre_C_Q)         0.456     5.685 r  div/cnt_reg[15]/Q
                         net (fo=1, routed)           0.711     6.396    clk
    BUFGCTRL_X0Y0        BUFG (Prop_bufg_I_O)         0.096     6.492 r  clk_BUFG_inst/O
                         net (fo=261, routed)         1.783     8.275    div/clk_BUFG
    SLICE_X52Y97         CARRY4 (Prop_carry4_S[3]_O[3])
                                                      0.372     8.647 r  div/cnt_reg[12]_i_1/O[3]
                         net (fo=1, routed)           0.000     8.647    div/cnt_reg[12]_i_1_n_4
    SLICE_X52Y97         FDRE                                         r  div/cnt_reg[15]/D
  -------------------------------------------------------------------    -------------------

                         (clock sys_clk_pin rise edge)
                                                     10.000    10.000 r  
    E3                                                0.000    10.000 r  clk_old (IN)
                         net (fo=0)                   0.000    10.000    clk_old
    E3                   IBUF (Prop_ibuf_I_O)         1.411    11.411 r  clk_old_IBUF_inst/O
                         net (fo=1, routed)           1.920    13.331    clk_old_IBUF
    BUFGCTRL_X0Y17       BUFG (Prop_bufg_I_O)         0.091    13.422 r  clk_old_IBUF_BUFG_inst/O
                         net (fo=18, routed)          1.505    14.928    div/clk_old
    SLICE_X52Y97         FDRE                                         r  div/cnt_reg[15]/C
                         clock pessimism              0.301    15.229    
                         clock uncertainty           -0.035    15.193    
    SLICE_X52Y97         FDRE (Setup_fdre_C_D)        0.062    15.255    div/cnt_reg[15]
  -------------------------------------------------------------------
                         required time                         15.255    
                         arrival time                          -8.647    
  -------------------------------------------------------------------
                         slack                                  6.609    

Slack (MET) :             7.772ns  (required time - arrival time)
  Source:                 div/cnt_reg[1]/C
                            (rising edge-triggered cell FDRE clocked by sys_clk_pin  {rise@0.000ns fall@5.000ns period=10.000ns})
  Destination:            div/cnt_reg[13]/D
                            (rising edge-triggered cell FDRE clocked by sys_clk_pin  {rise@0.000ns fall@5.000ns period=10.000ns})
  Path Group:             sys_clk_pin
  Path Type:              Setup (Max at Slow Process Corner)
  Requirement:            10.000ns  (sys_clk_pin rise@10.000ns - sys_clk_pin rise@0.000ns)
  Data Path Delay:        2.231ns  (logic 1.692ns (75.845%)  route 0.539ns (24.155%))
  Logic Levels:           4  (CARRY4=4)
  Clock Path Skew:        -0.024ns (DCD - SCD + CPR)
    Destination Clock Delay (DCD):    4.928ns = ( 14.928 - 10.000 ) 
    Source Clock Delay      (SCD):    5.228ns
    Clock Pessimism Removal (CPR):    0.276ns
  Clock Uncertainty:      0.035ns  ((TSJ^2 + TIJ^2)^1/2 + DJ) / 2 + PE
    Total System Jitter     (TSJ):    0.071ns
    Total Input Jitter      (TIJ):    0.000ns
    Discrete Jitter          (DJ):    0.000ns
    Phase Error              (PE):    0.000ns

    Location             Delay type                Incr(ns)  Path(ns)    Netlist Resource(s)
  -------------------------------------------------------------------    -------------------
                         (clock sys_clk_pin rise edge)
                                                      0.000     0.000 r  
    E3                                                0.000     0.000 r  clk_old (IN)
                         net (fo=0)                   0.000     0.000    clk_old
    E3                   IBUF (Prop_ibuf_I_O)         1.482     1.482 r  clk_old_IBUF_inst/O
                         net (fo=1, routed)           2.025     3.506    clk_old_IBUF
    BUFGCTRL_X0Y17       BUFG (Prop_bufg_I_O)         0.096     3.602 r  clk_old_IBUF_BUFG_inst/O
                         net (fo=18, routed)          1.625     5.228    div/clk_old
    SLICE_X52Y94         FDRE                                         r  div/cnt_reg[1]/C
  -------------------------------------------------------------------    -------------------
    SLICE_X52Y94         FDRE (Prop_fdre_C_Q)         0.456     5.684 r  div/cnt_reg[1]/Q
                         net (fo=1, routed)           0.539     6.223    div/cnt_reg_n_0_[1]
    SLICE_X52Y94         CARRY4 (Prop_carry4_S[1]_CO[3])
                                                      0.674     6.897 r  div/cnt_reg[0]_i_1/CO[3]
                         net (fo=1, routed)           0.000     6.897    div/cnt_reg[0]_i_1_n_0
    SLICE_X52Y95         CARRY4 (Prop_carry4_CI_CO[3])
                                                      0.114     7.011 r  div/cnt_reg[4]_i_1/CO[3]
                         net (fo=1, routed)           0.000     7.011    div/cnt_reg[4]_i_1_n_0
    SLICE_X52Y96         CARRY4 (Prop_carry4_CI_CO[3])
                                                      0.114     7.125 r  div/cnt_reg[8]_i_1/CO[3]
                         net (fo=1, routed)           0.000     7.125    div/cnt_reg[8]_i_1_n_0
    SLICE_X52Y97         CARRY4 (Prop_carry4_CI_O[1])
                                                      0.334     7.459 r  div/cnt_reg[12]_i_1/O[1]
                         net (fo=1, routed)           0.000     7.459    div/cnt_reg[12]_i_1_n_6
    SLICE_X52Y97         FDRE                                         r  div/cnt_reg[13]/D
  -------------------------------------------------------------------    -------------------

                         (clock sys_clk_pin rise edge)
                                                     10.000    10.000 r  
    E3                                                0.000    10.000 r  clk_old (IN)
                         net (fo=0)                   0.000    10.000    clk_old
    E3                   IBUF (Prop_ibuf_I_O)         1.411    11.411 r  clk_old_IBUF_inst/O
                         net (fo=1, routed)           1.920    13.331    clk_old_IBUF
    BUFGCTRL_X0Y17       BUFG (Prop_bufg_I_O)         0.091    13.422 r  clk_old_IBUF_BUFG_inst/O
                         net (fo=18, routed)          1.505    14.928    div/clk_old
    SLICE_X52Y97         FDRE                                         r  div/cnt_reg[13]/C
                         clock pessimism              0.276    15.204    
                         clock uncertainty           -0.035    15.168    
    SLICE_X52Y97         FDRE (Setup_fdre_C_D)        0.062    15.230    div/cnt_reg[13]
  -------------------------------------------------------------------
                         required time                         15.230    
                         arrival time                          -7.459    
  -------------------------------------------------------------------
                         slack                                  7.772    

Slack (MET) :             7.867ns  (required time - arrival time)
  Source:                 div/cnt_reg[1]/C
                            (rising edge-triggered cell FDRE clocked by sys_clk_pin  {rise@0.000ns fall@5.000ns period=10.000ns})
  Destination:            div/cnt_reg[14]/D
                            (rising edge-triggered cell FDRE clocked by sys_clk_pin  {rise@0.000ns fall@5.000ns period=10.000ns})
  Path Group:             sys_clk_pin
  Path Type:              Setup (Max at Slow Process Corner)
  Requirement:            10.000ns  (sys_clk_pin rise@10.000ns - sys_clk_pin rise@0.000ns)
  Data Path Delay:        2.136ns  (logic 1.597ns (74.771%)  route 0.539ns (25.229%))
  Logic Levels:           4  (CARRY4=4)
  Clock Path Skew:        -0.024ns (DCD - SCD + CPR)
    Destination Clock Delay (DCD):    4.928ns = ( 14.928 - 10.000 ) 
    Source Clock Delay      (SCD):    5.228ns
    Clock Pessimism Removal (CPR):    0.276ns
  Clock Uncertainty:      0.035ns  ((TSJ^2 + TIJ^2)^1/2 + DJ) / 2 + PE
    Total System Jitter     (TSJ):    0.071ns
    Total Input Jitter      (TIJ):    0.000ns
    Discrete Jitter          (DJ):    0.000ns
    Phase Error              (PE):    0.000ns

    Location             Delay type                Incr(ns)  Path(ns)    Netlist Resource(s)
  -------------------------------------------------------------------    -------------------
                         (clock sys_clk_pin rise edge)
                                                      0.000     0.000 r  
    E3                                                0.000     0.000 r  clk_old (IN)
                         net (fo=0)                   0.000     0.000    clk_old
    E3                   IBUF (Prop_ibuf_I_O)         1.482     1.482 r  clk_old_IBUF_inst/O
                         net (fo=1, routed)           2.025     3.506    clk_old_IBUF
    BUFGCTRL_X0Y17       BUFG (Prop_bufg_I_O)         0.096     3.602 r  clk_old_IBUF_BUFG_inst/O
                         net (fo=18, routed)          1.625     5.228    div/clk_old
    SLICE_X52Y94         FDRE                                         r  div/cnt_reg[1]/C
  -------------------------------------------------------------------    -------------------
    SLICE_X52Y94         FDRE (Prop_fdre_C_Q)         0.456     5.684 r  div/cnt_reg[1]/Q
                         net (fo=1, routed)           0.539     6.223    div/cnt_reg_n_0_[1]
    SLICE_X52Y94         CARRY4 (Prop_carry4_S[1]_CO[3])
                                                      0.674     6.897 r  div/cnt_reg[0]_i_1/CO[3]
                         net (fo=1, routed)           0.000     6.897    div/cnt_reg[0]_i_1_n_0
    SLICE_X52Y95         CARRY4 (Prop_carry4_CI_CO[3])
                                                      0.114     7.011 r  div/cnt_reg[4]_i_1/CO[3]
                         net (fo=1, routed)           0.000     7.011    div/cnt_reg[4]_i_1_n_0
    SLICE_X52Y96         CARRY4 (Prop_carry4_CI_CO[3])
                                                      0.114     7.125 r  div/cnt_reg[8]_i_1/CO[3]
                         net (fo=1, routed)           0.000     7.125    div/cnt_reg[8]_i_1_n_0
    SLICE_X52Y97         CARRY4 (Prop_carry4_CI_O[2])
                                                      0.239     7.364 r  div/cnt_reg[12]_i_1/O[2]
                         net (fo=1, routed)           0.000     7.364    div/cnt_reg[12]_i_1_n_5
    SLICE_X52Y97         FDRE                                         r  div/cnt_reg[14]/D
  -------------------------------------------------------------------    -------------------

                         (clock sys_clk_pin rise edge)
                                                     10.000    10.000 r  
    E3                                                0.000    10.000 r  clk_old (IN)
                         net (fo=0)                   0.000    10.000    clk_old
    E3                   IBUF (Prop_ibuf_I_O)         1.411    11.411 r  clk_old_IBUF_inst/O
                         net (fo=1, routed)           1.920    13.331    clk_old_IBUF
    BUFGCTRL_X0Y17       BUFG (Prop_bufg_I_O)         0.091    13.422 r  clk_old_IBUF_BUFG_inst/O
                         net (fo=18, routed)          1.505    14.928    div/clk_old
    SLICE_X52Y97         FDRE                                         r  div/cnt_reg[14]/C
                         clock pessimism              0.276    15.204    
                         clock uncertainty           -0.035    15.168    
    SLICE_X52Y97         FDRE (Setup_fdre_C_D)        0.062    15.230    div/cnt_reg[14]
  -------------------------------------------------------------------
                         required time                         15.230    
                         arrival time                          -7.364    
  -------------------------------------------------------------------
                         slack                                  7.867    

Slack (MET) :             7.883ns  (required time - arrival time)
  Source:                 div/cnt_reg[1]/C
                            (rising edge-triggered cell FDRE clocked by sys_clk_pin  {rise@0.000ns fall@5.000ns period=10.000ns})
  Destination:            div/cnt_reg[12]/D
                            (rising edge-triggered cell FDRE clocked by sys_clk_pin  {rise@0.000ns fall@5.000ns period=10.000ns})
  Path Group:             sys_clk_pin
  Path Type:              Setup (Max at Slow Process Corner)
  Requirement:            10.000ns  (sys_clk_pin rise@10.000ns - sys_clk_pin rise@0.000ns)
  Data Path Delay:        2.120ns  (logic 1.581ns (74.581%)  route 0.539ns (25.419%))
  Logic Levels:           4  (CARRY4=4)
  Clock Path Skew:        -0.024ns (DCD - SCD + CPR)
    Destination Clock Delay (DCD):    4.928ns = ( 14.928 - 10.000 ) 
    Source Clock Delay      (SCD):    5.228ns
    Clock Pessimism Removal (CPR):    0.276ns
  Clock Uncertainty:      0.035ns  ((TSJ^2 + TIJ^2)^1/2 + DJ) / 2 + PE
    Total System Jitter     (TSJ):    0.071ns
    Total Input Jitter      (TIJ):    0.000ns
    Discrete Jitter          (DJ):    0.000ns
    Phase Error              (PE):    0.000ns

    Location             Delay type                Incr(ns)  Path(ns)    Netlist Resource(s)
  -------------------------------------------------------------------    -------------------
                         (clock sys_clk_pin rise edge)
                                                      0.000     0.000 r  
    E3                                                0.000     0.000 r  clk_old (IN)
                         net (fo=0)                   0.000     0.000    clk_old
    E3                   IBUF (Prop_ibuf_I_O)         1.482     1.482 r  clk_old_IBUF_inst/O
                         net (fo=1, routed)           2.025     3.506    clk_old_IBUF
    BUFGCTRL_X0Y17       BUFG (Prop_bufg_I_O)         0.096     3.602 r  clk_old_IBUF_BUFG_inst/O
                         net (fo=18, routed)          1.625     5.228    div/clk_old
    SLICE_X52Y94         FDRE                                         r  div/cnt_reg[1]/C
  -------------------------------------------------------------------    -------------------
    SLICE_X52Y94         FDRE (Prop_fdre_C_Q)         0.456     5.684 r  div/cnt_reg[1]/Q
                         net (fo=1, routed)           0.539     6.223    div/cnt_reg_n_0_[1]
    SLICE_X52Y94         CARRY4 (Prop_carry4_S[1]_CO[3])
                                                      0.674     6.897 r  div/cnt_reg[0]_i_1/CO[3]
                         net (fo=1, routed)           0.000     6.897    div/cnt_reg[0]_i_1_n_0
    SLICE_X52Y95         CARRY4 (Prop_carry4_CI_CO[3])
                                                      0.114     7.011 r  div/cnt_reg[4]_i_1/CO[3]
                         net (fo=1, routed)           0.000     7.011    div/cnt_reg[4]_i_1_n_0
    SLICE_X52Y96         CARRY4 (Prop_carry4_CI_CO[3])
                                                      0.114     7.125 r  div/cnt_reg[8]_i_1/CO[3]
                         net (fo=1, routed)           0.000     7.125    div/cnt_reg[8]_i_1_n_0
    SLICE_X52Y97         CARRY4 (Prop_carry4_CI_O[0])
                                                      0.223     7.348 r  div/cnt_reg[12]_i_1/O[0]
                         net (fo=1, routed)           0.000     7.348    div/cnt_reg[12]_i_1_n_7
    SLICE_X52Y97         FDRE                                         r  div/cnt_reg[12]/D
  -------------------------------------------------------------------    -------------------

                         (clock sys_clk_pin rise edge)
                                                     10.000    10.000 r  
    E3                                                0.000    10.000 r  clk_old (IN)
                         net (fo=0)                   0.000    10.000    clk_old
    E3                   IBUF (Prop_ibuf_I_O)         1.411    11.411 r  clk_old_IBUF_inst/O
                         net (fo=1, routed)           1.920    13.331    clk_old_IBUF
    BUFGCTRL_X0Y17       BUFG (Prop_bufg_I_O)         0.091    13.422 r  clk_old_IBUF_BUFG_inst/O
                         net (fo=18, routed)          1.505    14.928    div/clk_old
    SLICE_X52Y97         FDRE                                         r  div/cnt_reg[12]/C
                         clock pessimism              0.276    15.204    
                         clock uncertainty           -0.035    15.168    
    SLICE_X52Y97         FDRE (Setup_fdre_C_D)        0.062    15.230    div/cnt_reg[12]
  -------------------------------------------------------------------
                         required time                         15.230    
                         arrival time                          -7.348    
  -------------------------------------------------------------------
                         slack                                  7.883    

Slack (MET) :             7.885ns  (required time - arrival time)
  Source:                 div/cnt_reg[1]/C
                            (rising edge-triggered cell FDRE clocked by sys_clk_pin  {rise@0.000ns fall@5.000ns period=10.000ns})
  Destination:            div/cnt_reg[9]/D
                            (rising edge-triggered cell FDRE clocked by sys_clk_pin  {rise@0.000ns fall@5.000ns period=10.000ns})
  Path Group:             sys_clk_pin
  Path Type:              Setup (Max at Slow Process Corner)
  Requirement:            10.000ns  (sys_clk_pin rise@10.000ns - sys_clk_pin rise@0.000ns)
  Data Path Delay:        2.117ns  (logic 1.578ns (74.545%)  route 0.539ns (25.455%))
  Logic Levels:           3  (CARRY4=3)
  Clock Path Skew:        -0.025ns (DCD - SCD + CPR)
    Destination Clock Delay (DCD):    4.927ns = ( 14.927 - 10.000 ) 
    Source Clock Delay      (SCD):    5.228ns
    Clock Pessimism Removal (CPR):    0.276ns
  Clock Uncertainty:      0.035ns  ((TSJ^2 + TIJ^2)^1/2 + DJ) / 2 + PE
    Total System Jitter     (TSJ):    0.071ns
    Total Input Jitter      (TIJ):    0.000ns
    Discrete Jitter          (DJ):    0.000ns
    Phase Error              (PE):    0.000ns

    Location             Delay type                Incr(ns)  Path(ns)    Netlist Resource(s)
  -------------------------------------------------------------------    -------------------
                         (clock sys_clk_pin rise edge)
                                                      0.000     0.000 r  
    E3                                                0.000     0.000 r  clk_old (IN)
                         net (fo=0)                   0.000     0.000    clk_old
    E3                   IBUF (Prop_ibuf_I_O)         1.482     1.482 r  clk_old_IBUF_inst/O
                         net (fo=1, routed)           2.025     3.506    clk_old_IBUF
    BUFGCTRL_X0Y17       BUFG (Prop_bufg_I_O)         0.096     3.602 r  clk_old_IBUF_BUFG_inst/O
                         net (fo=18, routed)          1.625     5.228    div/clk_old
    SLICE_X52Y94         FDRE                                         r  div/cnt_reg[1]/C
  -------------------------------------------------------------------    -------------------
    SLICE_X52Y94         FDRE (Prop_fdre_C_Q)         0.456     5.684 r  div/cnt_reg[1]/Q
                         net (fo=1, routed)           0.539     6.223    div/cnt_reg_n_0_[1]
    SLICE_X52Y94         CARRY4 (Prop_carry4_S[1]_CO[3])
                                                      0.674     6.897 r  div/cnt_reg[0]_i_1/CO[3]
                         net (fo=1, routed)           0.000     6.897    div/cnt_reg[0]_i_1_n_0
    SLICE_X52Y95         CARRY4 (Prop_carry4_CI_CO[3])
                                                      0.114     7.011 r  div/cnt_reg[4]_i_1/CO[3]
                         net (fo=1, routed)           0.000     7.011    div/cnt_reg[4]_i_1_n_0
    SLICE_X52Y96         CARRY4 (Prop_carry4_CI_O[1])
                                                      0.334     7.345 r  div/cnt_reg[8]_i_1/O[1]
                         net (fo=1, routed)           0.000     7.345    div/cnt_reg[8]_i_1_n_6
    SLICE_X52Y96         FDRE                                         r  div/cnt_reg[9]/D
  -------------------------------------------------------------------    -------------------

                         (clock sys_clk_pin rise edge)
                                                     10.000    10.000 r  
    E3                                                0.000    10.000 r  clk_old (IN)
                         net (fo=0)                   0.000    10.000    clk_old
    E3                   IBUF (Prop_ibuf_I_O)         1.411    11.411 r  clk_old_IBUF_inst/O
                         net (fo=1, routed)           1.920    13.331    clk_old_IBUF
    BUFGCTRL_X0Y17       BUFG (Prop_bufg_I_O)         0.091    13.422 r  clk_old_IBUF_BUFG_inst/O
                         net (fo=18, routed)          1.504    14.927    div/clk_old
    SLICE_X52Y96         FDRE                                         r  div/cnt_reg[9]/C
                         clock pessimism              0.276    15.203    
                         clock uncertainty           -0.035    15.167    
    SLICE_X52Y96         FDRE (Setup_fdre_C_D)        0.062    15.229    div/cnt_reg[9]
  -------------------------------------------------------------------
                         required time                         15.229    
                         arrival time                          -7.345    
  -------------------------------------------------------------------
                         slack                                  7.885    

Slack (MET) :             7.906ns  (required time - arrival time)
  Source:                 div/cnt_reg[1]/C
                            (rising edge-triggered cell FDRE clocked by sys_clk_pin  {rise@0.000ns fall@5.000ns period=10.000ns})
  Destination:            div/cnt_reg[11]/D
                            (rising edge-triggered cell FDRE clocked by sys_clk_pin  {rise@0.000ns fall@5.000ns period=10.000ns})
  Path Group:             sys_clk_pin
  Path Type:              Setup (Max at Slow Process Corner)
  Requirement:            10.000ns  (sys_clk_pin rise@10.000ns - sys_clk_pin rise@0.000ns)
  Data Path Delay:        2.096ns  (logic 1.557ns (74.290%)  route 0.539ns (25.710%))
  Logic Levels:           3  (CARRY4=3)
  Clock Path Skew:        -0.025ns (DCD - SCD + CPR)
    Destination Clock Delay (DCD):    4.927ns = ( 14.927 - 10.000 ) 
    Source Clock Delay      (SCD):    5.228ns
    Clock Pessimism Removal (CPR):    0.276ns
  Clock Uncertainty:      0.035ns  ((TSJ^2 + TIJ^2)^1/2 + DJ) / 2 + PE
    Total System Jitter     (TSJ):    0.071ns
    Total Input Jitter      (TIJ):    0.000ns
    Discrete Jitter          (DJ):    0.000ns
    Phase Error              (PE):    0.000ns

    Location             Delay type                Incr(ns)  Path(ns)    Netlist Resource(s)
  -------------------------------------------------------------------    -------------------
                         (clock sys_clk_pin rise edge)
                                                      0.000     0.000 r  
    E3                                                0.000     0.000 r  clk_old (IN)
                         net (fo=0)                   0.000     0.000    clk_old
    E3                   IBUF (Prop_ibuf_I_O)         1.482     1.482 r  clk_old_IBUF_inst/O
                         net (fo=1, routed)           2.025     3.506    clk_old_IBUF
    BUFGCTRL_X0Y17       BUFG (Prop_bufg_I_O)         0.096     3.602 r  clk_old_IBUF_BUFG_inst/O
                         net (fo=18, routed)          1.625     5.228    div/clk_old
    SLICE_X52Y94         FDRE                                         r  div/cnt_reg[1]/C
  -------------------------------------------------------------------    -------------------
    SLICE_X52Y94         FDRE (Prop_fdre_C_Q)         0.456     5.684 r  div/cnt_reg[1]/Q
                         net (fo=1, routed)           0.539     6.223    div/cnt_reg_n_0_[1]
    SLICE_X52Y94         CARRY4 (Prop_carry4_S[1]_CO[3])
                                                      0.674     6.897 r  div/cnt_reg[0]_i_1/CO[3]
                         net (fo=1, routed)           0.000     6.897    div/cnt_reg[0]_i_1_n_0
    SLICE_X52Y95         CARRY4 (Prop_carry4_CI_CO[3])
                                                      0.114     7.011 r  div/cnt_reg[4]_i_1/CO[3]
                         net (fo=1, routed)           0.000     7.011    div/cnt_reg[4]_i_1_n_0
    SLICE_X52Y96         CARRY4 (Prop_carry4_CI_O[3])
                                                      0.313     7.324 r  div/cnt_reg[8]_i_1/O[3]
                         net (fo=1, routed)           0.000     7.324    div/cnt_reg[8]_i_1_n_4
    SLICE_X52Y96         FDRE                                         r  div/cnt_reg[11]/D
  -------------------------------------------------------------------    -------------------

                         (clock sys_clk_pin rise edge)
                                                     10.000    10.000 r  
    E3                                                0.000    10.000 r  clk_old (IN)
                         net (fo=0)                   0.000    10.000    clk_old
    E3                   IBUF (Prop_ibuf_I_O)         1.411    11.411 r  clk_old_IBUF_inst/O
                         net (fo=1, routed)           1.920    13.331    clk_old_IBUF
    BUFGCTRL_X0Y17       BUFG (Prop_bufg_I_O)         0.091    13.422 r  clk_old_IBUF_BUFG_inst/O
                         net (fo=18, routed)          1.504    14.927    div/clk_old
    SLICE_X52Y96         FDRE                                         r  div/cnt_reg[11]/C
                         clock pessimism              0.276    15.203    
                         clock uncertainty           -0.035    15.167    
    SLICE_X52Y96         FDRE (Setup_fdre_C_D)        0.062    15.229    div/cnt_reg[11]
  -------------------------------------------------------------------
                         required time                         15.229    
                         arrival time                          -7.324    
  -------------------------------------------------------------------
                         slack                                  7.906    

Slack (MET) :             7.980ns  (required time - arrival time)
  Source:                 div/cnt_reg[1]/C
                            (rising edge-triggered cell FDRE clocked by sys_clk_pin  {rise@0.000ns fall@5.000ns period=10.000ns})
  Destination:            div/cnt_reg[10]/D
                            (rising edge-triggered cell FDRE clocked by sys_clk_pin  {rise@0.000ns fall@5.000ns period=10.000ns})
  Path Group:             sys_clk_pin
  Path Type:              Setup (Max at Slow Process Corner)
  Requirement:            10.000ns  (sys_clk_pin rise@10.000ns - sys_clk_pin rise@0.000ns)
  Data Path Delay:        2.022ns  (logic 1.483ns (73.349%)  route 0.539ns (26.651%))
  Logic Levels:           3  (CARRY4=3)
  Clock Path Skew:        -0.025ns (DCD - SCD + CPR)
    Destination Clock Delay (DCD):    4.927ns = ( 14.927 - 10.000 ) 
    Source Clock Delay      (SCD):    5.228ns
    Clock Pessimism Removal (CPR):    0.276ns
  Clock Uncertainty:      0.035ns  ((TSJ^2 + TIJ^2)^1/2 + DJ) / 2 + PE
    Total System Jitter     (TSJ):    0.071ns
    Total Input Jitter      (TIJ):    0.000ns
    Discrete Jitter          (DJ):    0.000ns
    Phase Error              (PE):    0.000ns

    Location             Delay type                Incr(ns)  Path(ns)    Netlist Resource(s)
  -------------------------------------------------------------------    -------------------
                         (clock sys_clk_pin rise edge)
                                                      0.000     0.000 r  
    E3                                                0.000     0.000 r  clk_old (IN)
                         net (fo=0)                   0.000     0.000    clk_old
    E3                   IBUF (Prop_ibuf_I_O)         1.482     1.482 r  clk_old_IBUF_inst/O
                         net (fo=1, routed)           2.025     3.506    clk_old_IBUF
    BUFGCTRL_X0Y17       BUFG (Prop_bufg_I_O)         0.096     3.602 r  clk_old_IBUF_BUFG_inst/O
                         net (fo=18, routed)          1.625     5.228    div/clk_old
    SLICE_X52Y94         FDRE                                         r  div/cnt_reg[1]/C
  -------------------------------------------------------------------    -------------------
    SLICE_X52Y94         FDRE (Prop_fdre_C_Q)         0.456     5.684 r  div/cnt_reg[1]/Q
                         net (fo=1, routed)           0.539     6.223    div/cnt_reg_n_0_[1]
    SLICE_X52Y94         CARRY4 (Prop_carry4_S[1]_CO[3])
                                                      0.674     6.897 r  div/cnt_reg[0]_i_1/CO[3]
                         net (fo=1, routed)           0.000     6.897    div/cnt_reg[0]_i_1_n_0
    SLICE_X52Y95         CARRY4 (Prop_carry4_CI_CO[3])
                                                      0.114     7.011 r  div/cnt_reg[4]_i_1/CO[3]
                         net (fo=1, routed)           0.000     7.011    div/cnt_reg[4]_i_1_n_0
    SLICE_X52Y96         CARRY4 (Prop_carry4_CI_O[2])
                                                      0.239     7.250 r  div/cnt_reg[8]_i_1/O[2]
                         net (fo=1, routed)           0.000     7.250    div/cnt_reg[8]_i_1_n_5
    SLICE_X52Y96         FDRE                                         r  div/cnt_reg[10]/D
  -------------------------------------------------------------------    -------------------

                         (clock sys_clk_pin rise edge)
                                                     10.000    10.000 r  
    E3                                                0.000    10.000 r  clk_old (IN)
                         net (fo=0)                   0.000    10.000    clk_old
    E3                   IBUF (Prop_ibuf_I_O)         1.411    11.411 r  clk_old_IBUF_inst/O
                         net (fo=1, routed)           1.920    13.331    clk_old_IBUF
    BUFGCTRL_X0Y17       BUFG (Prop_bufg_I_O)         0.091    13.422 r  clk_old_IBUF_BUFG_inst/O
                         net (fo=18, routed)          1.504    14.927    div/clk_old
    SLICE_X52Y96         FDRE                                         r  div/cnt_reg[10]/C
                         clock pessimism              0.276    15.203    
                         clock uncertainty           -0.035    15.167    
    SLICE_X52Y96         FDRE (Setup_fdre_C_D)        0.062    15.229    div/cnt_reg[10]
  -------------------------------------------------------------------
                         required time                         15.229    
                         arrival time                          -7.250    
  -------------------------------------------------------------------
                         slack                                  7.980    

Slack (MET) :             7.996ns  (required time - arrival time)
  Source:                 div/cnt_reg[1]/C
                            (rising edge-triggered cell FDRE clocked by sys_clk_pin  {rise@0.000ns fall@5.000ns period=10.000ns})
  Destination:            div/cnt_reg[8]/D
                            (rising edge-triggered cell FDRE clocked by sys_clk_pin  {rise@0.000ns fall@5.000ns period=10.000ns})
  Path Group:             sys_clk_pin
  Path Type:              Setup (Max at Slow Process Corner)
  Requirement:            10.000ns  (sys_clk_pin rise@10.000ns - sys_clk_pin rise@0.000ns)
  Data Path Delay:        2.006ns  (logic 1.467ns (73.136%)  route 0.539ns (26.864%))
  Logic Levels:           3  (CARRY4=3)
  Clock Path Skew:        -0.025ns (DCD - SCD + CPR)
    Destination Clock Delay (DCD):    4.927ns = ( 14.927 - 10.000 ) 
    Source Clock Delay      (SCD):    5.228ns
    Clock Pessimism Removal (CPR):    0.276ns
  Clock Uncertainty:      0.035ns  ((TSJ^2 + TIJ^2)^1/2 + DJ) / 2 + PE
    Total System Jitter     (TSJ):    0.071ns
    Total Input Jitter      (TIJ):    0.000ns
    Discrete Jitter          (DJ):    0.000ns
    Phase Error              (PE):    0.000ns

    Location             Delay type                Incr(ns)  Path(ns)    Netlist Resource(s)
  -------------------------------------------------------------------    -------------------
                         (clock sys_clk_pin rise edge)
                                                      0.000     0.000 r  
    E3                                                0.000     0.000 r  clk_old (IN)
                         net (fo=0)                   0.000     0.000    clk_old
    E3                   IBUF (Prop_ibuf_I_O)         1.482     1.482 r  clk_old_IBUF_inst/O
                         net (fo=1, routed)           2.025     3.506    clk_old_IBUF
    BUFGCTRL_X0Y17       BUFG (Prop_bufg_I_O)         0.096     3.602 r  clk_old_IBUF_BUFG_inst/O
                         net (fo=18, routed)          1.625     5.228    div/clk_old
    SLICE_X52Y94         FDRE                                         r  div/cnt_reg[1]/C
  -------------------------------------------------------------------    -------------------
    SLICE_X52Y94         FDRE (Prop_fdre_C_Q)         0.456     5.684 r  div/cnt_reg[1]/Q
                         net (fo=1, routed)           0.539     6.223    div/cnt_reg_n_0_[1]
    SLICE_X52Y94         CARRY4 (Prop_carry4_S[1]_CO[3])
                                                      0.674     6.897 r  div/cnt_reg[0]_i_1/CO[3]
                         net (fo=1, routed)           0.000     6.897    div/cnt_reg[0]_i_1_n_0
    SLICE_X52Y95         CARRY4 (Prop_carry4_CI_CO[3])
                                                      0.114     7.011 r  div/cnt_reg[4]_i_1/CO[3]
                         net (fo=1, routed)           0.000     7.011    div/cnt_reg[4]_i_1_n_0
    SLICE_X52Y96         CARRY4 (Prop_carry4_CI_O[0])
                                                      0.223     7.234 r  div/cnt_reg[8]_i_1/O[0]
                         net (fo=1, routed)           0.000     7.234    div/cnt_reg[8]_i_1_n_7
    SLICE_X52Y96         FDRE                                         r  div/cnt_reg[8]/D
  -------------------------------------------------------------------    -------------------

                         (clock sys_clk_pin rise edge)
                                                     10.000    10.000 r  
    E3                                                0.000    10.000 r  clk_old (IN)
                         net (fo=0)                   0.000    10.000    clk_old
    E3                   IBUF (Prop_ibuf_I_O)         1.411    11.411 r  clk_old_IBUF_inst/O
                         net (fo=1, routed)           1.920    13.331    clk_old_IBUF
    BUFGCTRL_X0Y17       BUFG (Prop_bufg_I_O)         0.091    13.422 r  clk_old_IBUF_BUFG_inst/O
                         net (fo=18, routed)          1.504    14.927    div/clk_old
    SLICE_X52Y96         FDRE                                         r  div/cnt_reg[8]/C
                         clock pessimism              0.276    15.203    
                         clock uncertainty           -0.035    15.167    
    SLICE_X52Y96         FDRE (Setup_fdre_C_D)        0.062    15.229    div/cnt_reg[8]
  -------------------------------------------------------------------
                         required time                         15.229    
                         arrival time                          -7.234    
  -------------------------------------------------------------------
                         slack                                  7.996    

Slack (MET) :             7.999ns  (required time - arrival time)
  Source:                 div/cnt_reg[1]/C
                            (rising edge-triggered cell FDRE clocked by sys_clk_pin  {rise@0.000ns fall@5.000ns period=10.000ns})
  Destination:            div/cnt_reg[5]/D
                            (rising edge-triggered cell FDRE clocked by sys_clk_pin  {rise@0.000ns fall@5.000ns period=10.000ns})
  Path Group:             sys_clk_pin
  Path Type:              Setup (Max at Slow Process Corner)
  Requirement:            10.000ns  (sys_clk_pin rise@10.000ns - sys_clk_pin rise@0.000ns)
  Data Path Delay:        2.003ns  (logic 1.464ns (73.096%)  route 0.539ns (26.904%))
  Logic Levels:           2  (CARRY4=2)
  Clock Path Skew:        -0.025ns (DCD - SCD + CPR)
    Destination Clock Delay (DCD):    4.927ns = ( 14.927 - 10.000 ) 
    Source Clock Delay      (SCD):    5.228ns
    Clock Pessimism Removal (CPR):    0.276ns
  Clock Uncertainty:      0.035ns  ((TSJ^2 + TIJ^2)^1/2 + DJ) / 2 + PE
    Total System Jitter     (TSJ):    0.071ns
    Total Input Jitter      (TIJ):    0.000ns
    Discrete Jitter          (DJ):    0.000ns
    Phase Error              (PE):    0.000ns

    Location             Delay type                Incr(ns)  Path(ns)    Netlist Resource(s)
  -------------------------------------------------------------------    -------------------
                         (clock sys_clk_pin rise edge)
                                                      0.000     0.000 r  
    E3                                                0.000     0.000 r  clk_old (IN)
                         net (fo=0)                   0.000     0.000    clk_old
    E3                   IBUF (Prop_ibuf_I_O)         1.482     1.482 r  clk_old_IBUF_inst/O
                         net (fo=1, routed)           2.025     3.506    clk_old_IBUF
    BUFGCTRL_X0Y17       BUFG (Prop_bufg_I_O)         0.096     3.602 r  clk_old_IBUF_BUFG_inst/O
                         net (fo=18, routed)          1.625     5.228    div/clk_old
    SLICE_X52Y94         FDRE                                         r  div/cnt_reg[1]/C
  -------------------------------------------------------------------    -------------------
    SLICE_X52Y94         FDRE (Prop_fdre_C_Q)         0.456     5.684 r  div/cnt_reg[1]/Q
                         net (fo=1, routed)           0.539     6.223    div/cnt_reg_n_0_[1]
    SLICE_X52Y94         CARRY4 (Prop_carry4_S[1]_CO[3])
                                                      0.674     6.897 r  div/cnt_reg[0]_i_1/CO[3]
                         net (fo=1, routed)           0.000     6.897    div/cnt_reg[0]_i_1_n_0
    SLICE_X52Y95         CARRY4 (Prop_carry4_CI_O[1])
                                                      0.334     7.231 r  div/cnt_reg[4]_i_1/O[1]
                         net (fo=1, routed)           0.000     7.231    div/cnt_reg[4]_i_1_n_6
    SLICE_X52Y95         FDRE                                         r  div/cnt_reg[5]/D
  -------------------------------------------------------------------    -------------------

                         (clock sys_clk_pin rise edge)
                                                     10.000    10.000 r  
    E3                                                0.000    10.000 r  clk_old (IN)
                         net (fo=0)                   0.000    10.000    clk_old
    E3                   IBUF (Prop_ibuf_I_O)         1.411    11.411 r  clk_old_IBUF_inst/O
                         net (fo=1, routed)           1.920    13.331    clk_old_IBUF
    BUFGCTRL_X0Y17       BUFG (Prop_bufg_I_O)         0.091    13.422 r  clk_old_IBUF_BUFG_inst/O
                         net (fo=18, routed)          1.504    14.927    div/clk_old
    SLICE_X52Y95         FDRE                                         r  div/cnt_reg[5]/C
                         clock pessimism              0.276    15.203    
                         clock uncertainty           -0.035    15.167    
    SLICE_X52Y95         FDRE (Setup_fdre_C_D)        0.062    15.229    div/cnt_reg[5]
  -------------------------------------------------------------------
                         required time                         15.229    
                         arrival time                          -7.231    
  -------------------------------------------------------------------
                         slack                                  7.999    

Slack (MET) :             8.020ns  (required time - arrival time)
  Source:                 div/cnt_reg[1]/C
                            (rising edge-triggered cell FDRE clocked by sys_clk_pin  {rise@0.000ns fall@5.000ns period=10.000ns})
  Destination:            div/cnt_reg[7]/D
                            (rising edge-triggered cell FDRE clocked by sys_clk_pin  {rise@0.000ns fall@5.000ns period=10.000ns})
  Path Group:             sys_clk_pin
  Path Type:              Setup (Max at Slow Process Corner)
  Requirement:            10.000ns  (sys_clk_pin rise@10.000ns - sys_clk_pin rise@0.000ns)
  Data Path Delay:        1.982ns  (logic 1.443ns (72.811%)  route 0.539ns (27.189%))
  Logic Levels:           2  (CARRY4=2)
  Clock Path Skew:        -0.025ns (DCD - SCD + CPR)
    Destination Clock Delay (DCD):    4.927ns = ( 14.927 - 10.000 ) 
    Source Clock Delay      (SCD):    5.228ns
    Clock Pessimism Removal (CPR):    0.276ns
  Clock Uncertainty:      0.035ns  ((TSJ^2 + TIJ^2)^1/2 + DJ) / 2 + PE
    Total System Jitter     (TSJ):    0.071ns
    Total Input Jitter      (TIJ):    0.000ns
    Discrete Jitter          (DJ):    0.000ns
    Phase Error              (PE):    0.000ns

    Location             Delay type                Incr(ns)  Path(ns)    Netlist Resource(s)
  -------------------------------------------------------------------    -------------------
                         (clock sys_clk_pin rise edge)
                                                      0.000     0.000 r  
    E3                                                0.000     0.000 r  clk_old (IN)
                         net (fo=0)                   0.000     0.000    clk_old
    E3                   IBUF (Prop_ibuf_I_O)         1.482     1.482 r  clk_old_IBUF_inst/O
                         net (fo=1, routed)           2.025     3.506    clk_old_IBUF
    BUFGCTRL_X0Y17       BUFG (Prop_bufg_I_O)         0.096     3.602 r  clk_old_IBUF_BUFG_inst/O
                         net (fo=18, routed)          1.625     5.228    div/clk_old
    SLICE_X52Y94         FDRE                                         r  div/cnt_reg[1]/C
  -------------------------------------------------------------------    -------------------
    SLICE_X52Y94         FDRE (Prop_fdre_C_Q)         0.456     5.684 r  div/cnt_reg[1]/Q
                         net (fo=1, routed)           0.539     6.223    div/cnt_reg_n_0_[1]
    SLICE_X52Y94         CARRY4 (Prop_carry4_S[1]_CO[3])
                                                      0.674     6.897 r  div/cnt_reg[0]_i_1/CO[3]
                         net (fo=1, routed)           0.000     6.897    div/cnt_reg[0]_i_1_n_0
    SLICE_X52Y95         CARRY4 (Prop_carry4_CI_O[3])
                                                      0.313     7.210 r  div/cnt_reg[4]_i_1/O[3]
                         net (fo=1, routed)           0.000     7.210    div/cnt_reg[4]_i_1_n_4
    SLICE_X52Y95         FDRE                                         r  div/cnt_reg[7]/D
  -------------------------------------------------------------------    -------------------

                         (clock sys_clk_pin rise edge)
                                                     10.000    10.000 r  
    E3                                                0.000    10.000 r  clk_old (IN)
                         net (fo=0)                   0.000    10.000    clk_old
    E3                   IBUF (Prop_ibuf_I_O)         1.411    11.411 r  clk_old_IBUF_inst/O
                         net (fo=1, routed)           1.920    13.331    clk_old_IBUF
    BUFGCTRL_X0Y17       BUFG (Prop_bufg_I_O)         0.091    13.422 r  clk_old_IBUF_BUFG_inst/O
                         net (fo=18, routed)          1.504    14.927    div/clk_old
    SLICE_X52Y95         FDRE                                         r  div/cnt_reg[7]/C
                         clock pessimism              0.276    15.203    
                         clock uncertainty           -0.035    15.167    
    SLICE_X52Y95         FDRE (Setup_fdre_C_D)        0.062    15.229    div/cnt_reg[7]
  -------------------------------------------------------------------
                         required time                         15.229    
                         arrival time                          -7.210    
  -------------------------------------------------------------------
                         slack                                  8.020    





Min Delay Paths
--------------------------------------------------------------------------------------
Slack (MET) :             0.263ns  (arrival time - required time)
  Source:                 vga/clkNew_reg/C
                            (rising edge-triggered cell FDRE clocked by sys_clk_pin  {rise@0.000ns fall@5.000ns period=10.000ns})
  Destination:            vga/clkNew_reg/D
                            (rising edge-triggered cell FDRE clocked by sys_clk_pin  {rise@0.000ns fall@5.000ns period=10.000ns})
  Path Group:             sys_clk_pin
  Path Type:              Hold (Min at Fast Process Corner)
  Requirement:            0.000ns  (sys_clk_pin rise@0.000ns - sys_clk_pin rise@0.000ns)
  Data Path Delay:        0.354ns  (logic 0.186ns (52.507%)  route 0.168ns (47.493%))
  Logic Levels:           1  (LUT1=1)
  Clock Path Skew:        0.000ns (DCD - SCD - CPR)
    Destination Clock Delay (DCD):    2.000ns
    Source Clock Delay      (SCD):    1.484ns
    Clock Pessimism Removal (CPR):    0.515ns

    Location             Delay type                Incr(ns)  Path(ns)    Netlist Resource(s)
  -------------------------------------------------------------------    -------------------
                         (clock sys_clk_pin rise edge)
                                                      0.000     0.000 r  
    E3                                                0.000     0.000 r  clk_old (IN)
                         net (fo=0)                   0.000     0.000    clk_old
    E3                   IBUF (Prop_ibuf_I_O)         0.250     0.250 r  clk_old_IBUF_inst/O
                         net (fo=1, routed)           0.644     0.894    clk_old_IBUF
    BUFGCTRL_X0Y17       BUFG (Prop_bufg_I_O)         0.026     0.920 r  clk_old_IBUF_BUFG_inst/O
                         net (fo=18, routed)          0.565     1.484    vga/clk_old
    SLICE_X51Y96         FDRE                                         r  vga/clkNew_reg/C
  -------------------------------------------------------------------    -------------------
    SLICE_X51Y96         FDRE (Prop_fdre_C_Q)         0.141     1.625 f  vga/clkNew_reg/Q
                         net (fo=2, routed)           0.168     1.794    vga/clkNew_reg_0
    SLICE_X51Y96         LUT1 (Prop_lut1_I0_O)        0.045     1.839 r  vga/clkNew_i_1/O
                         net (fo=1, routed)           0.000     1.839    vga/p_0_in
    SLICE_X51Y96         FDRE                                         r  vga/clkNew_reg/D
  -------------------------------------------------------------------    -------------------

                         (clock sys_clk_pin rise edge)
                                                      0.000     0.000 r  
    E3                                                0.000     0.000 r  clk_old (IN)
                         net (fo=0)                   0.000     0.000    clk_old
    E3                   IBUF (Prop_ibuf_I_O)         0.438     0.438 r  clk_old_IBUF_inst/O
                         net (fo=1, routed)           0.699     1.136    clk_old_IBUF
    BUFGCTRL_X0Y17       BUFG (Prop_bufg_I_O)         0.029     1.165 r  clk_old_IBUF_BUFG_inst/O
                         net (fo=18, routed)          0.835     2.000    vga/clk_old
    SLICE_X51Y96         FDRE                                         r  vga/clkNew_reg/C
                         clock pessimism             -0.515     1.484    
    SLICE_X51Y96         FDRE (Hold_fdre_C_D)         0.091     1.575    vga/clkNew_reg
  -------------------------------------------------------------------
                         required time                         -1.575    
                         arrival time                           1.839    
  -------------------------------------------------------------------
                         slack                                  0.263    

Slack (MET) :             0.268ns  (arrival time - required time)
  Source:                 div/cnt_reg[10]/C
                            (rising edge-triggered cell FDRE clocked by sys_clk_pin  {rise@0.000ns fall@5.000ns period=10.000ns})
  Destination:            div/cnt_reg[10]/D
                            (rising edge-triggered cell FDRE clocked by sys_clk_pin  {rise@0.000ns fall@5.000ns period=10.000ns})
  Path Group:             sys_clk_pin
  Path Type:              Hold (Min at Fast Process Corner)
  Requirement:            0.000ns  (sys_clk_pin rise@0.000ns - sys_clk_pin rise@0.000ns)
  Data Path Delay:        0.373ns  (logic 0.252ns (67.478%)  route 0.121ns (32.522%))
  Logic Levels:           1  (CARRY4=1)
  Clock Path Skew:        0.000ns (DCD - SCD - CPR)
    Destination Clock Delay (DCD):    1.999ns
    Source Clock Delay      (SCD):    1.483ns
    Clock Pessimism Removal (CPR):    0.515ns

    Location             Delay type                Incr(ns)  Path(ns)    Netlist Resource(s)
  -------------------------------------------------------------------    -------------------
                         (clock sys_clk_pin rise edge)
                                                      0.000     0.000 r  
    E3                                                0.000     0.000 r  clk_old (IN)
                         net (fo=0)                   0.000     0.000    clk_old
    E3                   IBUF (Prop_ibuf_I_O)         0.250     0.250 r  clk_old_IBUF_inst/O
                         net (fo=1, routed)           0.644     0.894    clk_old_IBUF
    BUFGCTRL_X0Y17       BUFG (Prop_bufg_I_O)         0.026     0.920 r  clk_old_IBUF_BUFG_inst/O
                         net (fo=18, routed)          0.564     1.483    div/clk_old
    SLICE_X52Y96         FDRE                                         r  div/cnt_reg[10]/C
  -------------------------------------------------------------------    -------------------
    SLICE_X52Y96         FDRE (Prop_fdre_C_Q)         0.141     1.624 r  div/cnt_reg[10]/Q
                         net (fo=1, routed)           0.121     1.746    div/cnt_reg_n_0_[10]
    SLICE_X52Y96         CARRY4 (Prop_carry4_S[2]_O[2])
                                                      0.111     1.857 r  div/cnt_reg[8]_i_1/O[2]
                         net (fo=1, routed)           0.000     1.857    div/cnt_reg[8]_i_1_n_5
    SLICE_X52Y96         FDRE                                         r  div/cnt_reg[10]/D
  -------------------------------------------------------------------    -------------------

                         (clock sys_clk_pin rise edge)
                                                      0.000     0.000 r  
    E3                                                0.000     0.000 r  clk_old (IN)
                         net (fo=0)                   0.000     0.000    clk_old
    E3                   IBUF (Prop_ibuf_I_O)         0.438     0.438 r  clk_old_IBUF_inst/O
                         net (fo=1, routed)           0.699     1.136    clk_old_IBUF
    BUFGCTRL_X0Y17       BUFG (Prop_bufg_I_O)         0.029     1.165 r  clk_old_IBUF_BUFG_inst/O
                         net (fo=18, routed)          0.834     1.999    div/clk_old
    SLICE_X52Y96         FDRE                                         r  div/cnt_reg[10]/C
                         clock pessimism             -0.515     1.483    
    SLICE_X52Y96         FDRE (Hold_fdre_C_D)         0.105     1.588    div/cnt_reg[10]
  -------------------------------------------------------------------
                         required time                         -1.588    
                         arrival time                           1.857    
  -------------------------------------------------------------------
                         slack                                  0.268    

Slack (MET) :             0.268ns  (arrival time - required time)
  Source:                 div/cnt_reg[14]/C
                            (rising edge-triggered cell FDRE clocked by sys_clk_pin  {rise@0.000ns fall@5.000ns period=10.000ns})
  Destination:            div/cnt_reg[14]/D
                            (rising edge-triggered cell FDRE clocked by sys_clk_pin  {rise@0.000ns fall@5.000ns period=10.000ns})
  Path Group:             sys_clk_pin
  Path Type:              Hold (Min at Fast Process Corner)
  Requirement:            0.000ns  (sys_clk_pin rise@0.000ns - sys_clk_pin rise@0.000ns)
  Data Path Delay:        0.373ns  (logic 0.252ns (67.478%)  route 0.121ns (32.522%))
  Logic Levels:           1  (CARRY4=1)
  Clock Path Skew:        0.000ns (DCD - SCD - CPR)
    Destination Clock Delay (DCD):    2.000ns
    Source Clock Delay      (SCD):    1.484ns
    Clock Pessimism Removal (CPR):    0.515ns

    Location             Delay type                Incr(ns)  Path(ns)    Netlist Resource(s)
  -------------------------------------------------------------------    -------------------
                         (clock sys_clk_pin rise edge)
                                                      0.000     0.000 r  
    E3                                                0.000     0.000 r  clk_old (IN)
                         net (fo=0)                   0.000     0.000    clk_old
    E3                   IBUF (Prop_ibuf_I_O)         0.250     0.250 r  clk_old_IBUF_inst/O
                         net (fo=1, routed)           0.644     0.894    clk_old_IBUF
    BUFGCTRL_X0Y17       BUFG (Prop_bufg_I_O)         0.026     0.920 r  clk_old_IBUF_BUFG_inst/O
                         net (fo=18, routed)          0.565     1.484    div/clk_old
    SLICE_X52Y97         FDRE                                         r  div/cnt_reg[14]/C
  -------------------------------------------------------------------    -------------------
    SLICE_X52Y97         FDRE (Prop_fdre_C_Q)         0.141     1.625 r  div/cnt_reg[14]/Q
                         net (fo=1, routed)           0.121     1.747    div/cnt_reg_n_0_[14]
    SLICE_X52Y97         CARRY4 (Prop_carry4_S[2]_O[2])
                                                      0.111     1.858 r  div/cnt_reg[12]_i_1/O[2]
                         net (fo=1, routed)           0.000     1.858    div/cnt_reg[12]_i_1_n_5
    SLICE_X52Y97         FDRE                                         r  div/cnt_reg[14]/D
  -------------------------------------------------------------------    -------------------

                         (clock sys_clk_pin rise edge)
                                                      0.000     0.000 r  
    E3                                                0.000     0.000 r  clk_old (IN)
                         net (fo=0)                   0.000     0.000    clk_old
    E3                   IBUF (Prop_ibuf_I_O)         0.438     0.438 r  clk_old_IBUF_inst/O
                         net (fo=1, routed)           0.699     1.136    clk_old_IBUF
    BUFGCTRL_X0Y17       BUFG (Prop_bufg_I_O)         0.029     1.165 r  clk_old_IBUF_BUFG_inst/O
                         net (fo=18, routed)          0.835     2.000    div/clk_old
    SLICE_X52Y97         FDRE                                         r  div/cnt_reg[14]/C
                         clock pessimism             -0.515     1.484    
    SLICE_X52Y97         FDRE (Hold_fdre_C_D)         0.105     1.589    div/cnt_reg[14]
  -------------------------------------------------------------------
                         required time                         -1.589    
                         arrival time                           1.858    
  -------------------------------------------------------------------
                         slack                                  0.268    

Slack (MET) :             0.268ns  (arrival time - required time)
  Source:                 div/cnt_reg[6]/C
                            (rising edge-triggered cell FDRE clocked by sys_clk_pin  {rise@0.000ns fall@5.000ns period=10.000ns})
  Destination:            div/cnt_reg[6]/D
                            (rising edge-triggered cell FDRE clocked by sys_clk_pin  {rise@0.000ns fall@5.000ns period=10.000ns})
  Path Group:             sys_clk_pin
  Path Type:              Hold (Min at Fast Process Corner)
  Requirement:            0.000ns  (sys_clk_pin rise@0.000ns - sys_clk_pin rise@0.000ns)
  Data Path Delay:        0.373ns  (logic 0.252ns (67.478%)  route 0.121ns (32.522%))
  Logic Levels:           1  (CARRY4=1)
  Clock Path Skew:        0.000ns (DCD - SCD - CPR)
    Destination Clock Delay (DCD):    1.999ns
    Source Clock Delay      (SCD):    1.483ns
    Clock Pessimism Removal (CPR):    0.515ns

    Location             Delay type                Incr(ns)  Path(ns)    Netlist Resource(s)
  -------------------------------------------------------------------    -------------------
                         (clock sys_clk_pin rise edge)
                                                      0.000     0.000 r  
    E3                                                0.000     0.000 r  clk_old (IN)
                         net (fo=0)                   0.000     0.000    clk_old
    E3                   IBUF (Prop_ibuf_I_O)         0.250     0.250 r  clk_old_IBUF_inst/O
                         net (fo=1, routed)           0.644     0.894    clk_old_IBUF
    BUFGCTRL_X0Y17       BUFG (Prop_bufg_I_O)         0.026     0.920 r  clk_old_IBUF_BUFG_inst/O
                         net (fo=18, routed)          0.564     1.483    div/clk_old
    SLICE_X52Y95         FDRE                                         r  div/cnt_reg[6]/C
  -------------------------------------------------------------------    -------------------
    SLICE_X52Y95         FDRE (Prop_fdre_C_Q)         0.141     1.624 r  div/cnt_reg[6]/Q
                         net (fo=1, routed)           0.121     1.746    div/cnt_reg_n_0_[6]
    SLICE_X52Y95         CARRY4 (Prop_carry4_S[2]_O[2])
                                                      0.111     1.857 r  div/cnt_reg[4]_i_1/O[2]
                         net (fo=1, routed)           0.000     1.857    div/cnt_reg[4]_i_1_n_5
    SLICE_X52Y95         FDRE                                         r  div/cnt_reg[6]/D
  -------------------------------------------------------------------    -------------------

                         (clock sys_clk_pin rise edge)
                                                      0.000     0.000 r  
    E3                                                0.000     0.000 r  clk_old (IN)
                         net (fo=0)                   0.000     0.000    clk_old
    E3                   IBUF (Prop_ibuf_I_O)         0.438     0.438 r  clk_old_IBUF_inst/O
                         net (fo=1, routed)           0.699     1.136    clk_old_IBUF
    BUFGCTRL_X0Y17       BUFG (Prop_bufg_I_O)         0.029     1.165 r  clk_old_IBUF_BUFG_inst/O
                         net (fo=18, routed)          0.834     1.999    div/clk_old
    SLICE_X52Y95         FDRE                                         r  div/cnt_reg[6]/C
                         clock pessimism             -0.515     1.483    
    SLICE_X52Y95         FDRE (Hold_fdre_C_D)         0.105     1.588    div/cnt_reg[6]
  -------------------------------------------------------------------
                         required time                         -1.588    
                         arrival time                           1.857    
  -------------------------------------------------------------------
                         slack                                  0.268    

Slack (MET) :             0.301ns  (arrival time - required time)
  Source:                 div/cnt_reg[10]/C
                            (rising edge-triggered cell FDRE clocked by sys_clk_pin  {rise@0.000ns fall@5.000ns period=10.000ns})
  Destination:            div/cnt_reg[11]/D
                            (rising edge-triggered cell FDRE clocked by sys_clk_pin  {rise@0.000ns fall@5.000ns period=10.000ns})
  Path Group:             sys_clk_pin
  Path Type:              Hold (Min at Fast Process Corner)
  Requirement:            0.000ns  (sys_clk_pin rise@0.000ns - sys_clk_pin rise@0.000ns)
  Data Path Delay:        0.406ns  (logic 0.285ns (70.118%)  route 0.121ns (29.882%))
  Logic Levels:           1  (CARRY4=1)
  Clock Path Skew:        0.000ns (DCD - SCD - CPR)
    Destination Clock Delay (DCD):    1.999ns
    Source Clock Delay      (SCD):    1.483ns
    Clock Pessimism Removal (CPR):    0.515ns

    Location             Delay type                Incr(ns)  Path(ns)    Netlist Resource(s)
  -------------------------------------------------------------------    -------------------
                         (clock sys_clk_pin rise edge)
                                                      0.000     0.000 r  
    E3                                                0.000     0.000 r  clk_old (IN)
                         net (fo=0)                   0.000     0.000    clk_old
    E3                   IBUF (Prop_ibuf_I_O)         0.250     0.250 r  clk_old_IBUF_inst/O
                         net (fo=1, routed)           0.644     0.894    clk_old_IBUF
    BUFGCTRL_X0Y17       BUFG (Prop_bufg_I_O)         0.026     0.920 r  clk_old_IBUF_BUFG_inst/O
                         net (fo=18, routed)          0.564     1.483    div/clk_old
    SLICE_X52Y96         FDRE                                         r  div/cnt_reg[10]/C
  -------------------------------------------------------------------    -------------------
    SLICE_X52Y96         FDRE (Prop_fdre_C_Q)         0.141     1.624 r  div/cnt_reg[10]/Q
                         net (fo=1, routed)           0.121     1.746    div/cnt_reg_n_0_[10]
    SLICE_X52Y96         CARRY4 (Prop_carry4_S[2]_O[3])
                                                      0.144     1.890 r  div/cnt_reg[8]_i_1/O[3]
                         net (fo=1, routed)           0.000     1.890    div/cnt_reg[8]_i_1_n_4
    SLICE_X52Y96         FDRE                                         r  div/cnt_reg[11]/D
  -------------------------------------------------------------------    -------------------

                         (clock sys_clk_pin rise edge)
                                                      0.000     0.000 r  
    E3                                                0.000     0.000 r  clk_old (IN)
                         net (fo=0)                   0.000     0.000    clk_old
    E3                   IBUF (Prop_ibuf_I_O)         0.438     0.438 r  clk_old_IBUF_inst/O
                         net (fo=1, routed)           0.699     1.136    clk_old_IBUF
    BUFGCTRL_X0Y17       BUFG (Prop_bufg_I_O)         0.029     1.165 r  clk_old_IBUF_BUFG_inst/O
                         net (fo=18, routed)          0.834     1.999    div/clk_old
    SLICE_X52Y96         FDRE                                         r  div/cnt_reg[11]/C
                         clock pessimism             -0.515     1.483    
    SLICE_X52Y96         FDRE (Hold_fdre_C_D)         0.105     1.588    div/cnt_reg[11]
  -------------------------------------------------------------------
                         required time                         -1.588    
                         arrival time                           1.890    
  -------------------------------------------------------------------
                         slack                                  0.301    

Slack (MET) :             0.301ns  (arrival time - required time)
  Source:                 div/cnt_reg[14]/C
                            (rising edge-triggered cell FDRE clocked by sys_clk_pin  {rise@0.000ns fall@5.000ns period=10.000ns})
  Destination:            div/cnt_reg[15]/D
                            (rising edge-triggered cell FDRE clocked by sys_clk_pin  {rise@0.000ns fall@5.000ns period=10.000ns})
  Path Group:             sys_clk_pin
  Path Type:              Hold (Min at Fast Process Corner)
  Requirement:            0.000ns  (sys_clk_pin rise@0.000ns - sys_clk_pin rise@0.000ns)
  Data Path Delay:        0.406ns  (logic 0.285ns (70.118%)  route 0.121ns (29.882%))
  Logic Levels:           1  (CARRY4=1)
  Clock Path Skew:        0.000ns (DCD - SCD - CPR)
    Destination Clock Delay (DCD):    2.000ns
    Source Clock Delay      (SCD):    1.484ns
    Clock Pessimism Removal (CPR):    0.515ns

    Location             Delay type                Incr(ns)  Path(ns)    Netlist Resource(s)
  -------------------------------------------------------------------    -------------------
                         (clock sys_clk_pin rise edge)
                                                      0.000     0.000 r  
    E3                                                0.000     0.000 r  clk_old (IN)
                         net (fo=0)                   0.000     0.000    clk_old
    E3                   IBUF (Prop_ibuf_I_O)         0.250     0.250 r  clk_old_IBUF_inst/O
                         net (fo=1, routed)           0.644     0.894    clk_old_IBUF
    BUFGCTRL_X0Y17       BUFG (Prop_bufg_I_O)         0.026     0.920 r  clk_old_IBUF_BUFG_inst/O
                         net (fo=18, routed)          0.565     1.484    div/clk_old
    SLICE_X52Y97         FDRE                                         r  div/cnt_reg[14]/C
  -------------------------------------------------------------------    -------------------
    SLICE_X52Y97         FDRE (Prop_fdre_C_Q)         0.141     1.625 r  div/cnt_reg[14]/Q
                         net (fo=1, routed)           0.121     1.747    div/cnt_reg_n_0_[14]
    SLICE_X52Y97         CARRY4 (Prop_carry4_S[2]_O[3])
                                                      0.144     1.891 r  div/cnt_reg[12]_i_1/O[3]
                         net (fo=1, routed)           0.000     1.891    div/cnt_reg[12]_i_1_n_4
    SLICE_X52Y97         FDRE                                         r  div/cnt_reg[15]/D
  -------------------------------------------------------------------    -------------------

                         (clock sys_clk_pin rise edge)
                                                      0.000     0.000 r  
    E3                                                0.000     0.000 r  clk_old (IN)
                         net (fo=0)                   0.000     0.000    clk_old
    E3                   IBUF (Prop_ibuf_I_O)         0.438     0.438 r  clk_old_IBUF_inst/O
                         net (fo=1, routed)           0.699     1.136    clk_old_IBUF
    BUFGCTRL_X0Y17       BUFG (Prop_bufg_I_O)         0.029     1.165 r  clk_old_IBUF_BUFG_inst/O
                         net (fo=18, routed)          0.835     2.000    div/clk_old
    SLICE_X52Y97         FDRE                                         r  div/cnt_reg[15]/C
                         clock pessimism             -0.515     1.484    
    SLICE_X52Y97         FDRE (Hold_fdre_C_D)         0.105     1.589    div/cnt_reg[15]
  -------------------------------------------------------------------
                         required time                         -1.589    
                         arrival time                           1.891    
  -------------------------------------------------------------------
                         slack                                  0.301    

Slack (MET) :             0.301ns  (arrival time - required time)
  Source:                 div/cnt_reg[6]/C
                            (rising edge-triggered cell FDRE clocked by sys_clk_pin  {rise@0.000ns fall@5.000ns period=10.000ns})
  Destination:            div/cnt_reg[7]/D
                            (rising edge-triggered cell FDRE clocked by sys_clk_pin  {rise@0.000ns fall@5.000ns period=10.000ns})
  Path Group:             sys_clk_pin
  Path Type:              Hold (Min at Fast Process Corner)
  Requirement:            0.000ns  (sys_clk_pin rise@0.000ns - sys_clk_pin rise@0.000ns)
  Data Path Delay:        0.406ns  (logic 0.285ns (70.118%)  route 0.121ns (29.882%))
  Logic Levels:           1  (CARRY4=1)
  Clock Path Skew:        0.000ns (DCD - SCD - CPR)
    Destination Clock Delay (DCD):    1.999ns
    Source Clock Delay      (SCD):    1.483ns
    Clock Pessimism Removal (CPR):    0.515ns

    Location             Delay type                Incr(ns)  Path(ns)    Netlist Resource(s)
  -------------------------------------------------------------------    -------------------
                         (clock sys_clk_pin rise edge)
                                                      0.000     0.000 r  
    E3                                                0.000     0.000 r  clk_old (IN)
                         net (fo=0)                   0.000     0.000    clk_old
    E3                   IBUF (Prop_ibuf_I_O)         0.250     0.250 r  clk_old_IBUF_inst/O
                         net (fo=1, routed)           0.644     0.894    clk_old_IBUF
    BUFGCTRL_X0Y17       BUFG (Prop_bufg_I_O)         0.026     0.920 r  clk_old_IBUF_BUFG_inst/O
                         net (fo=18, routed)          0.564     1.483    div/clk_old
    SLICE_X52Y95         FDRE                                         r  div/cnt_reg[6]/C
  -------------------------------------------------------------------    -------------------
    SLICE_X52Y95         FDRE (Prop_fdre_C_Q)         0.141     1.624 r  div/cnt_reg[6]/Q
                         net (fo=1, routed)           0.121     1.746    div/cnt_reg_n_0_[6]
    SLICE_X52Y95         CARRY4 (Prop_carry4_S[2]_O[3])
                                                      0.144     1.890 r  div/cnt_reg[4]_i_1/O[3]
                         net (fo=1, routed)           0.000     1.890    div/cnt_reg[4]_i_1_n_4
    SLICE_X52Y95         FDRE                                         r  div/cnt_reg[7]/D
  -------------------------------------------------------------------    -------------------

                         (clock sys_clk_pin rise edge)
                                                      0.000     0.000 r  
    E3                                                0.000     0.000 r  clk_old (IN)
                         net (fo=0)                   0.000     0.000    clk_old
    E3                   IBUF (Prop_ibuf_I_O)         0.438     0.438 r  clk_old_IBUF_inst/O
                         net (fo=1, routed)           0.699     1.136    clk_old_IBUF
    BUFGCTRL_X0Y17       BUFG (Prop_bufg_I_O)         0.029     1.165 r  clk_old_IBUF_BUFG_inst/O
                         net (fo=18, routed)          0.834     1.999    div/clk_old
    SLICE_X52Y95         FDRE                                         r  div/cnt_reg[7]/C
                         clock pessimism             -0.515     1.483    
    SLICE_X52Y95         FDRE (Hold_fdre_C_D)         0.105     1.588    div/cnt_reg[7]
  -------------------------------------------------------------------
                         required time                         -1.588    
                         arrival time                           1.890    
  -------------------------------------------------------------------
                         slack                                  0.301    

Slack (MET) :             0.324ns  (arrival time - required time)
  Source:                 div/cnt_reg[0]/C
                            (rising edge-triggered cell FDRE clocked by sys_clk_pin  {rise@0.000ns fall@5.000ns period=10.000ns})
  Destination:            div/cnt_reg[0]/D
                            (rising edge-triggered cell FDRE clocked by sys_clk_pin  {rise@0.000ns fall@5.000ns period=10.000ns})
  Path Group:             sys_clk_pin
  Path Type:              Hold (Min at Fast Process Corner)
  Requirement:            0.000ns  (sys_clk_pin rise@0.000ns - sys_clk_pin rise@0.000ns)
  Data Path Delay:        0.429ns  (logic 0.256ns (59.730%)  route 0.173ns (40.270%))
  Logic Levels:           2  (CARRY4=1 LUT1=1)
  Clock Path Skew:        0.000ns (DCD - SCD - CPR)
    Destination Clock Delay (DCD):    1.999ns
    Source Clock Delay      (SCD):    1.483ns
    Clock Pessimism Removal (CPR):    0.515ns

    Location             Delay type                Incr(ns)  Path(ns)    Netlist Resource(s)
  -------------------------------------------------------------------    -------------------
                         (clock sys_clk_pin rise edge)
                                                      0.000     0.000 r  
    E3                                                0.000     0.000 r  clk_old (IN)
                         net (fo=0)                   0.000     0.000    clk_old
    E3                   IBUF (Prop_ibuf_I_O)         0.250     0.250 r  clk_old_IBUF_inst/O
                         net (fo=1, routed)           0.644     0.894    clk_old_IBUF
    BUFGCTRL_X0Y17       BUFG (Prop_bufg_I_O)         0.026     0.920 r  clk_old_IBUF_BUFG_inst/O
                         net (fo=18, routed)          0.564     1.483    div/clk_old
    SLICE_X52Y94         FDRE                                         r  div/cnt_reg[0]/C
  -------------------------------------------------------------------    -------------------
    SLICE_X52Y94         FDRE (Prop_fdre_C_Q)         0.141     1.624 f  div/cnt_reg[0]/Q
                         net (fo=1, routed)           0.173     1.797    div/cnt_reg_n_0_[0]
    SLICE_X52Y94         LUT1 (Prop_lut1_I0_O)        0.045     1.842 r  div/cnt[0]_i_2/O
                         net (fo=1, routed)           0.000     1.842    div/cnt[0]_i_2_n_0
    SLICE_X52Y94         CARRY4 (Prop_carry4_S[0]_O[0])
                                                      0.070     1.912 r  div/cnt_reg[0]_i_1/O[0]
                         net (fo=1, routed)           0.000     1.912    div/cnt_reg[0]_i_1_n_7
    SLICE_X52Y94         FDRE                                         r  div/cnt_reg[0]/D
  -------------------------------------------------------------------    -------------------

                         (clock sys_clk_pin rise edge)
                                                      0.000     0.000 r  
    E3                                                0.000     0.000 r  clk_old (IN)
                         net (fo=0)                   0.000     0.000    clk_old
    E3                   IBUF (Prop_ibuf_I_O)         0.438     0.438 r  clk_old_IBUF_inst/O
                         net (fo=1, routed)           0.699     1.136    clk_old_IBUF
    BUFGCTRL_X0Y17       BUFG (Prop_bufg_I_O)         0.029     1.165 r  clk_old_IBUF_BUFG_inst/O
                         net (fo=18, routed)          0.834     1.999    div/clk_old
    SLICE_X52Y94         FDRE                                         r  div/cnt_reg[0]/C
                         clock pessimism             -0.515     1.483    
    SLICE_X52Y94         FDRE (Hold_fdre_C_D)         0.105     1.588    div/cnt_reg[0]
  -------------------------------------------------------------------
                         required time                         -1.588    
                         arrival time                           1.912    
  -------------------------------------------------------------------
                         slack                                  0.324    

Slack (MET) :             0.326ns  (arrival time - required time)
  Source:                 div/cnt_reg[13]/C
                            (rising edge-triggered cell FDRE clocked by sys_clk_pin  {rise@0.000ns fall@5.000ns period=10.000ns})
  Destination:            div/cnt_reg[13]/D
                            (rising edge-triggered cell FDRE clocked by sys_clk_pin  {rise@0.000ns fall@5.000ns period=10.000ns})
  Path Group:             sys_clk_pin
  Path Type:              Hold (Min at Fast Process Corner)
  Requirement:            0.000ns  (sys_clk_pin rise@0.000ns - sys_clk_pin rise@0.000ns)
  Data Path Delay:        0.431ns  (logic 0.251ns (58.256%)  route 0.180ns (41.744%))
  Logic Levels:           1  (CARRY4=1)
  Clock Path Skew:        0.000ns (DCD - SCD - CPR)
    Destination Clock Delay (DCD):    2.000ns
    Source Clock Delay      (SCD):    1.484ns
    Clock Pessimism Removal (CPR):    0.515ns

    Location             Delay type                Incr(ns)  Path(ns)    Netlist Resource(s)
  -------------------------------------------------------------------    -------------------
                         (clock sys_clk_pin rise edge)
                                                      0.000     0.000 r  
    E3                                                0.000     0.000 r  clk_old (IN)
                         net (fo=0)                   0.000     0.000    clk_old
    E3                   IBUF (Prop_ibuf_I_O)         0.250     0.250 r  clk_old_IBUF_inst/O
                         net (fo=1, routed)           0.644     0.894    clk_old_IBUF
    BUFGCTRL_X0Y17       BUFG (Prop_bufg_I_O)         0.026     0.920 r  clk_old_IBUF_BUFG_inst/O
                         net (fo=18, routed)          0.565     1.484    div/clk_old
    SLICE_X52Y97         FDRE                                         r  div/cnt_reg[13]/C
  -------------------------------------------------------------------    -------------------
    SLICE_X52Y97         FDRE (Prop_fdre_C_Q)         0.141     1.625 r  div/cnt_reg[13]/Q
                         net (fo=1, routed)           0.180     1.805    div/cnt_reg_n_0_[13]
    SLICE_X52Y97         CARRY4 (Prop_carry4_S[1]_O[1])
                                                      0.110     1.915 r  div/cnt_reg[12]_i_1/O[1]
                         net (fo=1, routed)           0.000     1.915    div/cnt_reg[12]_i_1_n_6
    SLICE_X52Y97         FDRE                                         r  div/cnt_reg[13]/D
  -------------------------------------------------------------------    -------------------

                         (clock sys_clk_pin rise edge)
                                                      0.000     0.000 r  
    E3                                                0.000     0.000 r  clk_old (IN)
                         net (fo=0)                   0.000     0.000    clk_old
    E3                   IBUF (Prop_ibuf_I_O)         0.438     0.438 r  clk_old_IBUF_inst/O
                         net (fo=1, routed)           0.699     1.136    clk_old_IBUF
    BUFGCTRL_X0Y17       BUFG (Prop_bufg_I_O)         0.029     1.165 r  clk_old_IBUF_BUFG_inst/O
                         net (fo=18, routed)          0.835     2.000    div/clk_old
    SLICE_X52Y97         FDRE                                         r  div/cnt_reg[13]/C
                         clock pessimism             -0.515     1.484    
    SLICE_X52Y97         FDRE (Hold_fdre_C_D)         0.105     1.589    div/cnt_reg[13]
  -------------------------------------------------------------------
                         required time                         -1.589    
                         arrival time                           1.915    
  -------------------------------------------------------------------
                         slack                                  0.326    

Slack (MET) :             0.326ns  (arrival time - required time)
  Source:                 div/cnt_reg[1]/C
                            (rising edge-triggered cell FDRE clocked by sys_clk_pin  {rise@0.000ns fall@5.000ns period=10.000ns})
  Destination:            div/cnt_reg[1]/D
                            (rising edge-triggered cell FDRE clocked by sys_clk_pin  {rise@0.000ns fall@5.000ns period=10.000ns})
  Path Group:             sys_clk_pin
  Path Type:              Hold (Min at Fast Process Corner)
  Requirement:            0.000ns  (sys_clk_pin rise@0.000ns - sys_clk_pin rise@0.000ns)
  Data Path Delay:        0.431ns  (logic 0.251ns (58.256%)  route 0.180ns (41.744%))
  Logic Levels:           1  (CARRY4=1)
  Clock Path Skew:        0.000ns (DCD - SCD - CPR)
    Destination Clock Delay (DCD):    1.999ns
    Source Clock Delay      (SCD):    1.483ns
    Clock Pessimism Removal (CPR):    0.515ns

    Location             Delay type                Incr(ns)  Path(ns)    Netlist Resource(s)
  -------------------------------------------------------------------    -------------------
                         (clock sys_clk_pin rise edge)
                                                      0.000     0.000 r  
    E3                                                0.000     0.000 r  clk_old (IN)
                         net (fo=0)                   0.000     0.000    clk_old
    E3                   IBUF (Prop_ibuf_I_O)         0.250     0.250 r  clk_old_IBUF_inst/O
                         net (fo=1, routed)           0.644     0.894    clk_old_IBUF
    BUFGCTRL_X0Y17       BUFG (Prop_bufg_I_O)         0.026     0.920 r  clk_old_IBUF_BUFG_inst/O
                         net (fo=18, routed)          0.564     1.483    div/clk_old
    SLICE_X52Y94         FDRE                                         r  div/cnt_reg[1]/C
  -------------------------------------------------------------------    -------------------
    SLICE_X52Y94         FDRE (Prop_fdre_C_Q)         0.141     1.624 r  div/cnt_reg[1]/Q
                         net (fo=1, routed)           0.180     1.804    div/cnt_reg_n_0_[1]
    SLICE_X52Y94         CARRY4 (Prop_carry4_S[1]_O[1])
                                                      0.110     1.914 r  div/cnt_reg[0]_i_1/O[1]
                         net (fo=1, routed)           0.000     1.914    div/cnt_reg[0]_i_1_n_6
    SLICE_X52Y94         FDRE                                         r  div/cnt_reg[1]/D
  -------------------------------------------------------------------    -------------------

                         (clock sys_clk_pin rise edge)
                                                      0.000     0.000 r  
    E3                                                0.000     0.000 r  clk_old (IN)
                         net (fo=0)                   0.000     0.000    clk_old
    E3                   IBUF (Prop_ibuf_I_O)         0.438     0.438 r  clk_old_IBUF_inst/O
                         net (fo=1, routed)           0.699     1.136    clk_old_IBUF
    BUFGCTRL_X0Y17       BUFG (Prop_bufg_I_O)         0.029     1.165 r  clk_old_IBUF_BUFG_inst/O
                         net (fo=18, routed)          0.834     1.999    div/clk_old
    SLICE_X52Y94         FDRE                                         r  div/cnt_reg[1]/C
                         clock pessimism             -0.515     1.483    
    SLICE_X52Y94         FDRE (Hold_fdre_C_D)         0.105     1.588    div/cnt_reg[1]
  -------------------------------------------------------------------
                         required time                         -1.588    
                         arrival time                           1.914    
  -------------------------------------------------------------------
                         slack                                  0.326    





Pulse Width Checks
--------------------------------------------------------------------------------------
Clock Name:         sys_clk_pin
Waveform(ns):       { 0.000 5.000 }
Period(ns):         10.000
Sources:            { clk_old }

Check Type        Corner  Lib Pin  Reference Pin  Required(ns)  Actual(ns)  Slack(ns)  Location        Pin
Min Period        n/a     BUFG/I   n/a            2.155         10.000      7.845      BUFGCTRL_X0Y17  clk_old_IBUF_BUFG_inst/I
Min Period        n/a     FDRE/C   n/a            1.000         10.000      9.000      SLICE_X52Y94    div/cnt_reg[0]/C
Min Period        n/a     FDRE/C   n/a            1.000         10.000      9.000      SLICE_X52Y96    div/cnt_reg[10]/C
Min Period        n/a     FDRE/C   n/a            1.000         10.000      9.000      SLICE_X52Y96    div/cnt_reg[11]/C
Min Period        n/a     FDRE/C   n/a            1.000         10.000      9.000      SLICE_X52Y97    div/cnt_reg[12]/C
Min Period        n/a     FDRE/C   n/a            1.000         10.000      9.000      SLICE_X52Y97    div/cnt_reg[13]/C
Min Period        n/a     FDRE/C   n/a            1.000         10.000      9.000      SLICE_X52Y97    div/cnt_reg[14]/C
Min Period        n/a     FDRE/C   n/a            1.000         10.000      9.000      SLICE_X52Y97    div/cnt_reg[15]/C
Min Period        n/a     FDRE/C   n/a            1.000         10.000      9.000      SLICE_X52Y94    div/cnt_reg[1]/C
Min Period        n/a     FDRE/C   n/a            1.000         10.000      9.000      SLICE_X52Y94    div/cnt_reg[2]/C
Low Pulse Width   Slow    FDRE/C   n/a            0.500         5.000       4.500      SLICE_X52Y94    div/cnt_reg[0]/C
Low Pulse Width   Slow    FDRE/C   n/a            0.500         5.000       4.500      SLICE_X52Y96    div/cnt_reg[10]/C
Low Pulse Width   Slow    FDRE/C   n/a            0.500         5.000       4.500      SLICE_X52Y96    div/cnt_reg[11]/C
Low Pulse Width   Slow    FDRE/C   n/a            0.500         5.000       4.500      SLICE_X52Y94    div/cnt_reg[1]/C
Low Pulse Width   Slow    FDRE/C   n/a            0.500         5.000       4.500      SLICE_X52Y94    div/cnt_reg[2]/C
Low Pulse Width   Slow    FDRE/C   n/a            0.500         5.000       4.500      SLICE_X52Y94    div/cnt_reg[3]/C
Low Pulse Width   Slow    FDRE/C   n/a            0.500         5.000       4.500      SLICE_X52Y95    div/cnt_reg[4]/C
Low Pulse Width   Slow    FDRE/C   n/a            0.500         5.000       4.500      SLICE_X52Y95    div/cnt_reg[5]/C
Low Pulse Width   Slow    FDRE/C   n/a            0.500         5.000       4.500      SLICE_X52Y95    div/cnt_reg[6]/C
Low Pulse Width   Slow    FDRE/C   n/a            0.500         5.000       4.500      SLICE_X52Y95    div/cnt_reg[7]/C
High Pulse Width  Slow    FDRE/C   n/a            0.500         5.000       4.500      SLICE_X52Y94    div/cnt_reg[0]/C
High Pulse Width  Fast    FDRE/C   n/a            0.500         5.000       4.500      SLICE_X52Y94    div/cnt_reg[0]/C
High Pulse Width  Slow    FDRE/C   n/a            0.500         5.000       4.500      SLICE_X52Y96    div/cnt_reg[10]/C
High Pulse Width  Fast    FDRE/C   n/a            0.500         5.000       4.500      SLICE_X52Y96    div/cnt_reg[10]/C
High Pulse Width  Slow    FDRE/C   n/a            0.500         5.000       4.500      SLICE_X52Y96    div/cnt_reg[11]/C
High Pulse Width  Fast    FDRE/C   n/a            0.500         5.000       4.500      SLICE_X52Y96    div/cnt_reg[11]/C
High Pulse Width  Fast    FDRE/C   n/a            0.500         5.000       4.500      SLICE_X52Y97    div/cnt_reg[12]/C
High Pulse Width  Fast    FDRE/C   n/a            0.500         5.000       4.500      SLICE_X52Y97    div/cnt_reg[13]/C
High Pulse Width  Fast    FDRE/C   n/a            0.500         5.000       4.500      SLICE_X52Y97    div/cnt_reg[14]/C
High Pulse Width  Fast    FDRE/C   n/a            0.500         5.000       4.500      SLICE_X52Y97    div/cnt_reg[15]/C



